<?xml version="1.0" encoding="UTF-8"?>
<!-- Generated by org.testng.reporters.JUnitReportReporter -->
<testsuite hostname="suba-pc" failures="0" tests="1" name="com.HrmOrangeProject.Page.AdminPage" time="23.199" errors="0" timestamp="2023-06-05T20:01:49 EDT" skipped="0">
  <testcase classname="com.HrmOrangeProject.Page.AdminPage" name="searchAdminTab" time="23.199"/>
  <system-out/>
</testsuite> <!-- com.HrmOrangeProject.Page.AdminPage -->
