<?xml version="1.0" encoding="UTF-8"?>
<!-- Generated by org.testng.reporters.JUnitReportReporter -->
<testsuite hostname="suba-pc" failures="0" tests="1" name="com.HrmOrangeProject.Page.ContactsPage" time="13.895" errors="0" timestamp="2023-06-05T13:06:35 EDT" skipped="0">
  <testcase classname="com.HrmOrangeProject.Page.ContactsPage" name="test" time="13.895"/>
  <system-out/>
</testsuite> <!-- com.HrmOrangeProject.Page.ContactsPage -->
