<?xml version="1.0" encoding="UTF-8"?>
<!-- Generated by org.testng.reporters.JUnitReportReporter -->
<testsuite hostname="suba-pc" failures="0" tests="1" name="com.HrmOrangeProject.Page.LoginPage" time="12.101" errors="0" timestamp="2023-06-02T10:26:11 EDT" skipped="0">
  <testcase classname="com.HrmOrangeProject.Page.LoginPage" name="test" time="12.101"/>
  <system-out/>
</testsuite> <!-- com.HrmOrangeProject.Page.LoginPage -->
