<?xml version="1.0" encoding="UTF-8"?>
<!-- Generated by org.testng.reporters.JUnitReportReporter -->
<testsuite hostname="suba-pc" failures="0" tests="1" name="com.HrmOrangeProject.Page.EmergencyContactspage" time="25.691" errors="0" timestamp="2023-06-05T13:06:35 EDT" skipped="0">
  <testcase classname="com.HrmOrangeProject.Page.EmergencyContactspage" name="test" time="25.691"/>
  <system-out/>
</testsuite> <!-- com.HrmOrangeProject.Page.EmergencyContactspage -->
